# JRE version: Java(TM) SE Runtime Environment (19.0.1+10) (build 19.0.1+10-21)
# Java VM: Java HotSpot(TM) 64-Bit Server VM (19.0.1+10-21, mixed mode, emulated-client, sharing, tiered, compressed oops, compressed class ptrs, g1 gc, windows-amd64)
GC Precious Log:
 CardTable entry size: 512
 Card Set container configuration: InlinePtr #cards 4 size 8 Array Of Cards #cards 16 size 48 Howl #buckets 8 coarsen threshold 3686 Howl Bitmap #cards 512 size 80 coarsen threshold 460 Card regions per heap region 1 cards per card region 4096
 CPUs: 8 total, 8 available
 Memory: 16078M
 Large Page Support: Disabled
 NUMA Support: Disabled
 Compressed Oops: Enabled (Zero based)
 Heap Region Size: 2M
 Heap Min Capacity: 8M
 Heap Initial Capacity: 252M
 Heap Max Capacity: 4020M
 Pre-touch: Disabled
 Parallel Workers: 8
 Concurrent Workers: 2
 Concurrent Refinement Workers: 8
 Periodic GC: Disabled
Heap:
 garbage-first heap   total 258048K, used 88933K [0x0000000704c00000, 0x0000000800000000)
  region size 2048K, 1 young (2048K), 1 survivors (2048K)
 Metaspace       used 79266K, committed 80064K, reserved 1179648K
  class space    used 10777K, committed 11200K, reserved 1048576K
GC Heap History (20 events):
Event: 9.744 GC heap after
{Heap after GC invocations=19 (full 0):
 garbage-first heap   total 129024K, used 35646K [0x0000000704c00000, 0x0000000800000000)
  region size 2048K, 3 young (6144K), 3 survivors (6144K)
 Metaspace       used 69634K, committed 70272K, reserved 1114112K
  class space    used 9736K, committed 10048K, reserved 1048576K
}
Event: 10.294 GC heap before
{Heap before GC invocations=19 (full 0):
 garbage-first heap   total 129024K, used 101182K [0x0000000704c00000, 0x0000000800000000)
  region size 2048K, 36 young (73728K), 3 survivors (6144K)
 Metaspace       used 74499K, committed 75136K, reserved 1114112K
  class space    used 10140K, committed 10432K, reserved 1048576K
}
Event: 10.300 GC heap after
{Heap after GC invocations=20 (full 0):
 garbage-first heap   total 129024K, used 38159K [0x0000000704c00000, 0x0000000800000000)
  region size 2048K, 4 young (8192K), 4 survivors (8192K)
 Metaspace       used 74499K, committed 75136K, reserved 1114112K
  class space    used 10140K, committed 10432K, reserved 1048576K
}
Event: 10.781 GC heap before
{Heap before GC invocations=20 (full 0):
 garbage-first heap   total 129024K, used 103695K [0x0000000704c00000, 0x0000000800000000)
  region size 2048K, 36 young (73728K), 4 survivors (8192K)
 Metaspace       used 76981K, committed 77632K, reserved 1179648K
  class space    used 10454K, committed 10752K, reserved 1048576K
}
Event: 10.789 GC heap after
{Heap after GC invocations=21 (full 0):
 garbage-first heap   total 129024K, used 42284K [0x0000000704c00000, 0x0000000800000000)
  region size 2048K, 5 young (10240K), 5 survivors (10240K)
 Metaspace       used 76981K, committed 77632K, reserved 1179648K
  class space    used 10454K, committed 10752K, reserved 1048576K
}
Event: 11.051 GC heap before
{Heap before GC invocations=21 (full 0):
 garbage-first heap   total 129024K, used 101676K [0x0000000704c00000, 0x0000000800000000)
  region size 2048K, 34 young (69632K), 5 survivors (10240K)
 Metaspace       used 78268K, committed 79040K, reserved 1179648K
  class space    used 10611K, committed 11008K, reserved 1048576K
}
Event: 11.060 GC heap after
{Heap after GC invocations=22 (full 0):
 garbage-first heap   total 129024K, used 48858K [0x0000000704c00000, 0x0000000800000000)
  region size 2048K, 5 young (10240K), 5 survivors (10240K)
 Metaspace       used 78268K, committed 79040K, reserved 1179648K
  class space    used 10611K, committed 11008K, reserved 1048576K
}
Event: 11.175 GC heap before
{Heap before GC invocations=22 (full 0):
 garbage-first heap   total 129024K, used 100058K [0x0000000704c00000, 0x0000000800000000)
  region size 2048K, 31 young (63488K), 5 survivors (10240K)
 Metaspace       used 78369K, committed 79104K, reserved 1179648K
  class space    used 10625K, committed 11008K, reserved 1048576K
}
Event: 11.181 GC heap after
{Heap after GC invocations=23 (full 0):
 garbage-first heap   total 129024K, used 54394K [0x0000000704c00000, 0x0000000800000000)
  region size 2048K, 4 young (8192K), 4 survivors (8192K)
 Metaspace       used 78369K, committed 79104K, reserved 1179648K
  class space    used 10625K, committed 11008K, reserved 1048576K
}
Event: 11.250 GC heap before
{Heap before GC invocations=23 (full 0):
 garbage-first heap   total 129024K, used 95354K [0x0000000704c00000, 0x0000000800000000)
  region size 2048K, 25 young (51200K), 4 survivors (8192K)
 Metaspace       used 78369K, committed 79104K, reserved 1179648K
  class space    used 10625K, committed 11008K, reserved 1048576K
}
Event: 11.256 GC heap after
{Heap after GC invocations=24 (full 0):
 garbage-first heap   total 161792K, used 63031K [0x0000000704c00000, 0x0000000800000000)
  region size 2048K, 4 young (8192K), 4 survivors (8192K)
 Metaspace       used 78369K, committed 79104K, reserved 1179648K
  class space    used 10625K, committed 11008K, reserved 1048576K
}
Event: 11.350 GC heap before
{Heap before GC invocations=24 (full 0):
 garbage-first heap   total 161792K, used 118327K [0x0000000704c00000, 0x0000000800000000)
  region size 2048K, 32 young (65536K), 4 survivors (8192K)
 Metaspace       used 78387K, committed 79168K, reserved 1179648K
  class space    used 10630K, committed 11008K, reserved 1048576K
}
Event: 11.358 GC heap after
{Heap after GC invocations=25 (full 0):
 garbage-first heap   total 161792K, used 77533K [0x0000000704c00000, 0x0000000800000000)
  region size 2048K, 4 young (8192K), 4 survivors (8192K)
 Metaspace       used 78387K, committed 79168K, reserved 1179648K
  class space    used 10630K, committed 11008K, reserved 1048576K
}
Event: 11.429 GC heap before
{Heap before GC invocations=25 (full 0):
 garbage-first heap   total 161792K, used 120541K [0x0000000704c00000, 0x0000000800000000)
  region size 2048K, 26 young (53248K), 4 survivors (8192K)
 Metaspace       used 78387K, committed 79168K, reserved 1179648K
  class space    used 10630K, committed 11008K, reserved 1048576K
}
Event: 11.438 GC heap after
{Heap after GC invocations=26 (full 0):
 garbage-first heap   total 161792K, used 90112K [0x0000000704c00000, 0x0000000800000000)
  region size 2048K, 4 young (8192K), 4 survivors (8192K)
 Metaspace       used 78387K, committed 79168K, reserved 1179648K
  class space    used 10630K, committed 11008K, reserved 1048576K
}
Event: 11.487 GC heap before
{Heap before GC invocations=26 (full 0):
 garbage-first heap   total 161792K, used 122880K [0x0000000704c00000, 0x0000000800000000)
  region size 2048K, 21 young (43008K), 4 survivors (8192K)
 Metaspace       used 78387K, committed 79168K, reserved 1179648K
  class space    used 10630K, committed 11008K, reserved 1048576K
}
Event: 11.496 GC heap after
{Heap after GC invocations=27 (full 0):
 garbage-first heap   total 161792K, used 101790K [0x0000000704c00000, 0x0000000800000000)
  region size 2048K, 3 young (6144K), 3 survivors (6144K)
 Metaspace       used 78387K, committed 79168K, reserved 1179648K
  class space    used 10630K, committed 11008K, reserved 1048576K
}
Event: 11.695 GC heap before
{Heap before GC invocations=28 (full 0):
 garbage-first heap   total 188416K, used 126366K [0x0000000704c00000, 0x0000000800000000)
  region size 2048K, 15 young (30720K), 3 survivors (6144K)
 Metaspace       used 79124K, committed 79872K, reserved 1179648K
  class space    used 10751K, committed 11136K, reserved 1048576K
}
Event: 11.700 GC heap after
{Heap after GC invocations=29 (full 0):
 garbage-first heap   total 188416K, used 104147K [0x0000000704c00000, 0x0000000800000000)
  region size 2048K, 1 young (2048K), 1 survivors (2048K)
 Metaspace       used 79124K, committed 79872K, reserved 1179648K
  class space    used 10751K, committed 11136K, reserved 1048576K
}
Event: 11.742 GC heap before
{Heap before GC invocations=29 (full 0):
 garbage-first heap   total 188416K, used 110291K [0x0000000704c00000, 0x0000000800000000)
  region size 2048K, 4 young (8192K), 1 survivors (2048K)
 Metaspace       used 79266K, committed 80064K, reserved 1179648K
  class space    used 10777K, committed 11200K, reserved 1048576K
}

